<?xml version="1.0" encoding="UTF-8"?>
<testsuite name="cs3500.pa02.ControllerTest" tests="2" skipped="0" failures="0" errors="0" timestamp="2023-06-08T20:27:50" hostname="MacBook-Air-2.local" time="0.053">
  <properties/>
  <testcase name="controllerStudyGuide()" classname="cs3500.pa02.ControllerTest" time="0.044"/>
  <testcase name="controllerRunSession()" classname="cs3500.pa02.ControllerTest" time="0.007"/>
  <system-out><![CDATA[]]></system-out>
  <system-err><![CDATA[]]></system-err>
</testsuite>
