<?xml version="1.0" encoding="UTF-8"?>
<testsuite name="cs3500.pa02.MdFileWalkerTest" tests="1" skipped="0" failures="0" errors="0" timestamp="2023-06-08T20:27:50" hostname="MacBook-Air-2.local" time="0.002">
  <properties/>
  <testcase name="testFileVisitor()" classname="cs3500.pa02.MdFileWalkerTest" time="0.002"/>
  <system-out><![CDATA[Starting Directory: src/test/testfilewalker
Starting Directory: src/test/testfilewalker
]]></system-out>
  <system-err><![CDATA[]]></system-err>
</testsuite>
