<?xml version="1.0" encoding="UTF-8"?>
<testsuite name="cs3500.pa02.StudyGuideTest" tests="2" skipped="0" failures="0" errors="0" timestamp="2023-06-08T20:27:50" hostname="MacBook-Air-2.local" time="0.004">
  <properties/>
  <testcase name="testOut()" classname="cs3500.pa02.StudyGuideTest" time="0.002"/>
  <testcase name="testSort()" classname="cs3500.pa02.StudyGuideTest" time="0.001"/>
  <system-out><![CDATA[]]></system-out>
  <system-err><![CDATA[]]></system-err>
</testsuite>
