<?xml version="1.0" encoding="UTF-8"?>
<testsuite name="cs3500.pa02.MdFileTest" tests="3" skipped="0" failures="0" errors="0" timestamp="2023-06-08T20:27:50" hostname="MacBook-Air-2.local" time="0.005">
  <properties/>
  <testcase name="testCreation()" classname="cs3500.pa02.MdFileTest" time="0.002"/>
  <testcase name="testPath()" classname="cs3500.pa02.MdFileTest" time="0.001"/>
  <testcase name="testModify()" classname="cs3500.pa02.MdFileTest" time="0.0"/>
  <system-out><![CDATA[]]></system-out>
  <system-err><![CDATA[]]></system-err>
</testsuite>
